2022-09-05 16:43:21,989 DEBUG scheduler Queued events for site dcode.com
2022-09-05 16:44:22,238 DEBUG scheduler Queued events for site dcode.com
2022-09-05 16:44:22,288 INFO scheduler Scheduled Job Start: frappe.monitor.flush for dcode.com
2022-09-05 16:44:22,519 INFO scheduler Scheduled Job Complete: frappe.monitor.flush for dcode.com
2022-09-05 16:44:22,603 INFO scheduler Scheduled Job Start: frappe.utils.global_search.sync_global_search for dcode.com
2022-09-05 16:44:22,868 INFO scheduler Scheduled Job Complete: frappe.utils.global_search.sync_global_search for dcode.com
2022-09-05 16:44:22,971 INFO scheduler Scheduled Job Start: frappe.integrations.doctype.razorpay_settings.razorpay_settings.capture_payment for dcode.com
2022-09-05 16:44:23,254 INFO scheduler Scheduled Job Complete: frappe.integrations.doctype.razorpay_settings.razorpay_settings.capture_payment for dcode.com
2022-09-05 16:44:23,342 INFO scheduler Scheduled Job Start: frappe.email.doctype.email_account.email_account.notify_unreplied for dcode.com
2022-09-05 16:44:23,613 INFO scheduler Scheduled Job Complete: frappe.email.doctype.email_account.email_account.notify_unreplied for dcode.com
2022-09-05 16:44:23,696 INFO scheduler Scheduled Job Start: frappe.email.doctype.email_account.email_account.pull for dcode.com
2022-09-05 16:44:23,982 INFO scheduler Scheduled Job Complete: frappe.email.doctype.email_account.email_account.pull for dcode.com
2022-09-05 16:44:24,067 INFO scheduler Scheduled Job Start: frappe.email.queue.flush for dcode.com
2022-09-05 16:44:24,348 INFO scheduler Scheduled Job Complete: frappe.email.queue.flush for dcode.com
2022-09-05 16:45:22,435 DEBUG scheduler Queued events for site dcode.com
2022-09-05 16:45:22,531 INFO scheduler Scheduled Job Start: frappe.twofactor.delete_all_barcodes_for_users for dcode.com
2022-09-05 16:45:22,862 INFO scheduler Scheduled Job Complete: frappe.twofactor.delete_all_barcodes_for_users for dcode.com
2022-09-05 16:45:23,027 INFO scheduler Scheduled Job Start: frappe.website.doctype.web_page.web_page.check_publish_status for dcode.com
2022-09-05 16:45:23,420 INFO scheduler Scheduled Job Complete: frappe.website.doctype.web_page.web_page.check_publish_status for dcode.com
2022-09-05 16:45:23,532 INFO scheduler Scheduled Job Start: frappe.oauth.delete_oauth2_data for dcode.com
2022-09-05 16:45:23,847 INFO scheduler Scheduled Job Complete: frappe.oauth.delete_oauth2_data for dcode.com
2022-09-05 16:46:22,619 DEBUG scheduler Queued events for site dcode.com
2022-09-05 16:47:22,770 DEBUG scheduler Queued events for site dcode.com
2022-09-05 16:48:22,959 DEBUG scheduler Queued events for site dcode.com
2022-09-05 16:48:23,001 INFO scheduler Scheduled Job Start: frappe.monitor.flush for dcode.com
2022-09-05 16:48:23,205 INFO scheduler Scheduled Job Complete: frappe.monitor.flush for dcode.com
2022-09-05 16:48:23,287 INFO scheduler Scheduled Job Start: frappe.utils.global_search.sync_global_search for dcode.com
2022-09-05 16:48:23,522 INFO scheduler Scheduled Job Complete: frappe.utils.global_search.sync_global_search for dcode.com
2022-09-05 16:48:23,630 INFO scheduler Scheduled Job Start: frappe.integrations.doctype.razorpay_settings.razorpay_settings.capture_payment for dcode.com
2022-09-05 16:48:23,892 INFO scheduler Scheduled Job Complete: frappe.integrations.doctype.razorpay_settings.razorpay_settings.capture_payment for dcode.com
2022-09-05 16:48:23,977 INFO scheduler Scheduled Job Start: frappe.email.doctype.email_account.email_account.notify_unreplied for dcode.com
2022-09-05 16:48:24,275 INFO scheduler Scheduled Job Complete: frappe.email.doctype.email_account.email_account.notify_unreplied for dcode.com
2022-09-05 16:48:24,361 INFO scheduler Scheduled Job Start: frappe.email.doctype.email_account.email_account.pull for dcode.com
2022-09-05 16:48:24,621 INFO scheduler Scheduled Job Complete: frappe.email.doctype.email_account.email_account.pull for dcode.com
2022-09-05 16:48:24,703 INFO scheduler Scheduled Job Start: frappe.email.queue.flush for dcode.com
2022-09-05 16:48:24,910 INFO scheduler Scheduled Job Complete: frappe.email.queue.flush for dcode.com
2022-09-05 16:49:23,136 DEBUG scheduler Queued events for site dcode.com
2022-09-05 16:50:23,291 DEBUG scheduler Queued events for site dcode.com
2022-09-05 16:51:23,439 DEBUG scheduler Queued events for site dcode.com
2022-09-05 16:52:23,646 DEBUG scheduler Queued events for site dcode.com
2022-09-05 16:52:23,687 INFO scheduler Scheduled Job Start: frappe.monitor.flush for dcode.com
2022-09-05 16:52:23,899 INFO scheduler Scheduled Job Complete: frappe.monitor.flush for dcode.com
2022-09-05 16:52:23,980 INFO scheduler Scheduled Job Start: frappe.utils.global_search.sync_global_search for dcode.com
2022-09-05 16:52:24,183 INFO scheduler Scheduled Job Complete: frappe.utils.global_search.sync_global_search for dcode.com
2022-09-05 16:52:24,260 INFO scheduler Scheduled Job Start: frappe.integrations.doctype.razorpay_settings.razorpay_settings.capture_payment for dcode.com
2022-09-05 16:52:24,582 INFO scheduler Scheduled Job Complete: frappe.integrations.doctype.razorpay_settings.razorpay_settings.capture_payment for dcode.com
2022-09-05 16:52:24,665 INFO scheduler Scheduled Job Start: frappe.email.doctype.email_account.email_account.notify_unreplied for dcode.com
2022-09-05 16:52:24,933 INFO scheduler Scheduled Job Complete: frappe.email.doctype.email_account.email_account.notify_unreplied for dcode.com
2022-09-05 16:52:25,020 INFO scheduler Scheduled Job Start: frappe.email.doctype.email_account.email_account.pull for dcode.com
2022-09-05 16:52:25,327 INFO scheduler Scheduled Job Complete: frappe.email.doctype.email_account.email_account.pull for dcode.com
2022-09-05 16:52:25,420 INFO scheduler Scheduled Job Start: frappe.email.queue.flush for dcode.com
2022-09-05 16:52:25,645 INFO scheduler Scheduled Job Complete: frappe.email.queue.flush for dcode.com
2022-09-05 16:53:23,813 DEBUG scheduler Queued events for site dcode.com
2022-09-05 16:54:23,963 DEBUG scheduler Queued events for site dcode.com
2022-09-05 16:55:24,117 DEBUG scheduler Queued events for site dcode.com
2022-09-05 16:56:24,328 DEBUG scheduler Queued events for site dcode.com
2022-09-05 16:56:24,368 INFO scheduler Scheduled Job Start: frappe.monitor.flush for dcode.com
2022-09-05 16:56:24,617 INFO scheduler Scheduled Job Complete: frappe.monitor.flush for dcode.com
2022-09-05 16:56:24,712 INFO scheduler Scheduled Job Start: frappe.utils.global_search.sync_global_search for dcode.com
2022-09-05 16:56:24,943 INFO scheduler Scheduled Job Complete: frappe.utils.global_search.sync_global_search for dcode.com
2022-09-05 16:56:25,051 INFO scheduler Scheduled Job Start: frappe.integrations.doctype.razorpay_settings.razorpay_settings.capture_payment for dcode.com
2022-09-05 16:56:25,343 INFO scheduler Scheduled Job Complete: frappe.integrations.doctype.razorpay_settings.razorpay_settings.capture_payment for dcode.com
2022-09-05 16:56:25,472 INFO scheduler Scheduled Job Start: frappe.email.doctype.email_account.email_account.notify_unreplied for dcode.com
2022-09-05 16:56:25,760 INFO scheduler Scheduled Job Complete: frappe.email.doctype.email_account.email_account.notify_unreplied for dcode.com
2022-09-05 16:56:25,844 INFO scheduler Scheduled Job Start: frappe.email.doctype.email_account.email_account.pull for dcode.com
2022-09-05 16:56:26,252 INFO scheduler Scheduled Job Complete: frappe.email.doctype.email_account.email_account.pull for dcode.com
2022-09-05 16:56:26,342 INFO scheduler Scheduled Job Start: frappe.email.queue.flush for dcode.com
2022-09-05 16:56:26,595 INFO scheduler Scheduled Job Complete: frappe.email.queue.flush for dcode.com
2022-09-05 16:57:24,550 DEBUG scheduler Queued events for site dcode.com
2022-09-05 16:58:24,708 DEBUG scheduler Queued events for site dcode.com
2022-09-05 16:59:24,857 DEBUG scheduler Queued events for site dcode.com
2022-09-05 17:00:25,097 INFO scheduler Scheduled Job Start: frappe.email.doctype.newsletter.newsletter.send_scheduled_email for dcode.com
2022-09-05 17:00:25,159 DEBUG scheduler Queued events for site dcode.com
2022-09-05 17:00:25,505 INFO scheduler Scheduled Job Complete: frappe.email.doctype.newsletter.newsletter.send_scheduled_email for dcode.com
2022-09-05 17:00:25,628 INFO scheduler Scheduled Job Start: frappe.integrations.doctype.google_calendar.google_calendar.sync for dcode.com
2022-09-05 17:00:27,022 INFO scheduler Scheduled Job Complete: frappe.integrations.doctype.google_calendar.google_calendar.sync for dcode.com
2022-09-05 17:00:27,140 INFO scheduler Scheduled Job Start: frappe.desk.form.document_follow.send_hourly_updates for dcode.com
2022-09-05 17:00:27,474 INFO scheduler Scheduled Job Complete: frappe.desk.form.document_follow.send_hourly_updates for dcode.com
2022-09-05 17:00:27,618 INFO scheduler Scheduled Job Start: frappe.deferred_insert.save_to_db for dcode.com
2022-09-05 17:00:28,186 INFO scheduler Scheduled Job Complete: frappe.deferred_insert.save_to_db for dcode.com
2022-09-05 17:00:28,336 INFO scheduler Scheduled Job Start: frappe.desk.page.backups.backups.delete_downloadable_backups for dcode.com
2022-09-05 17:00:28,681 INFO scheduler Scheduled Job Complete: frappe.desk.page.backups.backups.delete_downloadable_backups for dcode.com
2022-09-05 17:00:28,796 INFO scheduler Scheduled Job Start: frappe.utils.error.collect_error_snapshots for dcode.com
2022-09-05 17:00:29,299 INFO scheduler Scheduled Job Complete: frappe.utils.error.collect_error_snapshots for dcode.com
2022-09-05 17:00:29,412 INFO scheduler Scheduled Job Start: frappe.model.utils.user_settings.sync_user_settings for dcode.com
2022-09-05 17:00:29,712 INFO scheduler Scheduled Job Complete: frappe.model.utils.user_settings.sync_user_settings for dcode.com
2022-09-05 17:00:29,818 INFO scheduler Scheduled Job Start: frappe.model.utils.link_count.update_link_count for dcode.com
2022-09-05 17:00:30,113 INFO scheduler Scheduled Job Complete: frappe.model.utils.link_count.update_link_count for dcode.com
2022-09-05 17:00:30,229 INFO scheduler Scheduled Job Start: frappe.monitor.flush for dcode.com
2022-09-05 17:00:30,591 INFO scheduler Scheduled Job Complete: frappe.monitor.flush for dcode.com
2022-09-05 17:00:30,668 INFO scheduler Scheduled Job Start: frappe.utils.global_search.sync_global_search for dcode.com
2022-09-05 17:00:30,873 INFO scheduler Scheduled Job Complete: frappe.utils.global_search.sync_global_search for dcode.com
2022-09-05 17:00:30,953 INFO scheduler Scheduled Job Start: frappe.integrations.doctype.razorpay_settings.razorpay_settings.capture_payment for dcode.com
2022-09-05 17:00:31,187 INFO scheduler Scheduled Job Complete: frappe.integrations.doctype.razorpay_settings.razorpay_settings.capture_payment for dcode.com
2022-09-05 17:00:31,269 INFO scheduler Scheduled Job Start: frappe.email.doctype.email_account.email_account.notify_unreplied for dcode.com
2022-09-05 17:00:31,521 INFO scheduler Scheduled Job Complete: frappe.email.doctype.email_account.email_account.notify_unreplied for dcode.com
2022-09-05 17:00:31,623 INFO scheduler Scheduled Job Start: frappe.email.doctype.email_account.email_account.pull for dcode.com
2022-09-05 17:00:31,893 INFO scheduler Scheduled Job Complete: frappe.email.doctype.email_account.email_account.pull for dcode.com
2022-09-05 17:00:31,967 INFO scheduler Scheduled Job Start: frappe.email.queue.flush for dcode.com
2022-09-05 17:00:32,204 INFO scheduler Scheduled Job Complete: frappe.email.queue.flush for dcode.com
2022-09-05 17:00:32,281 INFO scheduler Scheduled Job Start: frappe.twofactor.delete_all_barcodes_for_users for dcode.com
2022-09-05 17:00:32,786 INFO scheduler Scheduled Job Complete: frappe.twofactor.delete_all_barcodes_for_users for dcode.com
2022-09-05 17:00:32,899 INFO scheduler Scheduled Job Start: frappe.website.doctype.web_page.web_page.check_publish_status for dcode.com
2022-09-05 17:00:33,310 INFO scheduler Scheduled Job Complete: frappe.website.doctype.web_page.web_page.check_publish_status for dcode.com
2022-09-05 17:00:33,433 INFO scheduler Scheduled Job Start: frappe.oauth.delete_oauth2_data for dcode.com
2022-09-05 17:00:33,732 INFO scheduler Scheduled Job Complete: frappe.oauth.delete_oauth2_data for dcode.com
2022-09-05 17:01:25,331 DEBUG scheduler Queued events for site dcode.com
2022-09-05 17:02:25,519 DEBUG scheduler Queued events for site dcode.com
2022-09-05 17:03:25,669 DEBUG scheduler Queued events for site dcode.com
2022-09-05 17:04:25,864 DEBUG scheduler Queued events for site dcode.com
2022-09-05 17:04:25,901 INFO scheduler Scheduled Job Start: frappe.monitor.flush for dcode.com
2022-09-05 17:04:26,109 INFO scheduler Scheduled Job Complete: frappe.monitor.flush for dcode.com
2022-09-05 17:04:26,196 INFO scheduler Scheduled Job Start: frappe.utils.global_search.sync_global_search for dcode.com
2022-09-05 17:04:26,388 INFO scheduler Scheduled Job Complete: frappe.utils.global_search.sync_global_search for dcode.com
2022-09-05 17:04:26,462 INFO scheduler Scheduled Job Start: frappe.integrations.doctype.razorpay_settings.razorpay_settings.capture_payment for dcode.com
2022-09-05 17:04:26,682 INFO scheduler Scheduled Job Complete: frappe.integrations.doctype.razorpay_settings.razorpay_settings.capture_payment for dcode.com
2022-09-05 17:04:26,760 INFO scheduler Scheduled Job Start: frappe.email.doctype.email_account.email_account.notify_unreplied for dcode.com
2022-09-05 17:04:27,005 INFO scheduler Scheduled Job Complete: frappe.email.doctype.email_account.email_account.notify_unreplied for dcode.com
2022-09-05 17:04:27,087 INFO scheduler Scheduled Job Start: frappe.email.doctype.email_account.email_account.pull for dcode.com
2022-09-05 17:04:27,376 INFO scheduler Scheduled Job Complete: frappe.email.doctype.email_account.email_account.pull for dcode.com
2022-09-05 17:04:27,457 INFO scheduler Scheduled Job Start: frappe.email.queue.flush for dcode.com
2022-09-05 17:04:27,661 INFO scheduler Scheduled Job Complete: frappe.email.queue.flush for dcode.com
2022-09-05 17:05:26,044 DEBUG scheduler Queued events for site dcode.com
2022-09-05 17:06:26,198 DEBUG scheduler Queued events for site dcode.com
2022-09-05 17:07:26,368 DEBUG scheduler Queued events for site dcode.com
2022-09-05 17:08:26,580 DEBUG scheduler Queued events for site dcode.com
2022-09-05 17:08:26,613 INFO scheduler Scheduled Job Start: frappe.monitor.flush for dcode.com
2022-09-05 17:08:26,839 INFO scheduler Scheduled Job Complete: frappe.monitor.flush for dcode.com
2022-09-05 17:08:26,922 INFO scheduler Scheduled Job Start: frappe.utils.global_search.sync_global_search for dcode.com
2022-09-05 17:08:27,138 INFO scheduler Scheduled Job Complete: frappe.utils.global_search.sync_global_search for dcode.com
2022-09-05 17:08:27,291 INFO scheduler Scheduled Job Start: frappe.integrations.doctype.razorpay_settings.razorpay_settings.capture_payment for dcode.com
2022-09-05 17:08:27,520 INFO scheduler Scheduled Job Complete: frappe.integrations.doctype.razorpay_settings.razorpay_settings.capture_payment for dcode.com
2022-09-05 17:08:27,624 INFO scheduler Scheduled Job Start: frappe.email.doctype.email_account.email_account.notify_unreplied for dcode.com
2022-09-05 17:08:27,899 INFO scheduler Scheduled Job Complete: frappe.email.doctype.email_account.email_account.notify_unreplied for dcode.com
2022-09-05 17:08:27,979 INFO scheduler Scheduled Job Start: frappe.email.doctype.email_account.email_account.pull for dcode.com
2022-09-05 17:08:28,253 INFO scheduler Scheduled Job Complete: frappe.email.doctype.email_account.email_account.pull for dcode.com
2022-09-05 17:08:28,330 INFO scheduler Scheduled Job Start: frappe.email.queue.flush for dcode.com
2022-09-05 17:08:28,549 INFO scheduler Scheduled Job Complete: frappe.email.queue.flush for dcode.com
2022-09-05 17:09:26,758 DEBUG scheduler Queued events for site dcode.com
2022-09-05 17:10:26,916 DEBUG scheduler Queued events for site dcode.com
2022-09-05 17:11:27,072 DEBUG scheduler Queued events for site dcode.com
2022-09-05 17:12:27,274 DEBUG scheduler Queued events for site dcode.com
2022-09-05 17:12:27,313 INFO scheduler Scheduled Job Start: frappe.monitor.flush for dcode.com
2022-09-05 17:12:27,536 INFO scheduler Scheduled Job Complete: frappe.monitor.flush for dcode.com
2022-09-05 17:12:27,619 INFO scheduler Scheduled Job Start: frappe.utils.global_search.sync_global_search for dcode.com
2022-09-05 17:12:27,821 INFO scheduler Scheduled Job Complete: frappe.utils.global_search.sync_global_search for dcode.com
2022-09-05 17:12:27,901 INFO scheduler Scheduled Job Start: frappe.integrations.doctype.razorpay_settings.razorpay_settings.capture_payment for dcode.com
2022-09-05 17:12:28,142 INFO scheduler Scheduled Job Complete: frappe.integrations.doctype.razorpay_settings.razorpay_settings.capture_payment for dcode.com
2022-09-05 17:12:28,234 INFO scheduler Scheduled Job Start: frappe.email.doctype.email_account.email_account.notify_unreplied for dcode.com
2022-09-05 17:12:28,671 INFO scheduler Scheduled Job Complete: frappe.email.doctype.email_account.email_account.notify_unreplied for dcode.com
2022-09-05 17:12:28,804 INFO scheduler Scheduled Job Start: frappe.email.doctype.email_account.email_account.pull for dcode.com
2022-09-05 17:12:29,072 INFO scheduler Scheduled Job Complete: frappe.email.doctype.email_account.email_account.pull for dcode.com
2022-09-05 17:12:29,223 INFO scheduler Scheduled Job Start: frappe.email.queue.flush for dcode.com
2022-09-05 17:12:29,496 INFO scheduler Scheduled Job Complete: frappe.email.queue.flush for dcode.com
2022-09-05 17:13:27,445 DEBUG scheduler Queued events for site dcode.com
2022-09-05 17:14:27,602 DEBUG scheduler Queued events for site dcode.com
2022-09-05 17:15:27,778 DEBUG scheduler Queued events for site dcode.com
2022-09-05 17:15:27,864 INFO scheduler Scheduled Job Start: frappe.twofactor.delete_all_barcodes_for_users for dcode.com
2022-09-05 17:15:28,384 INFO scheduler Scheduled Job Complete: frappe.twofactor.delete_all_barcodes_for_users for dcode.com
2022-09-05 17:15:28,500 INFO scheduler Scheduled Job Start: frappe.website.doctype.web_page.web_page.check_publish_status for dcode.com
2022-09-05 17:15:28,838 INFO scheduler Scheduled Job Complete: frappe.website.doctype.web_page.web_page.check_publish_status for dcode.com
2022-09-05 17:15:28,945 INFO scheduler Scheduled Job Start: frappe.oauth.delete_oauth2_data for dcode.com
2022-09-05 17:15:29,230 INFO scheduler Scheduled Job Complete: frappe.oauth.delete_oauth2_data for dcode.com
2022-09-05 17:16:28,008 DEBUG scheduler Queued events for site dcode.com
2022-09-05 17:16:28,043 INFO scheduler Scheduled Job Start: frappe.monitor.flush for dcode.com
2022-09-05 17:16:28,279 INFO scheduler Scheduled Job Complete: frappe.monitor.flush for dcode.com
2022-09-05 17:16:28,369 INFO scheduler Scheduled Job Start: frappe.utils.global_search.sync_global_search for dcode.com
2022-09-05 17:16:28,570 INFO scheduler Scheduled Job Complete: frappe.utils.global_search.sync_global_search for dcode.com
2022-09-05 17:16:28,654 INFO scheduler Scheduled Job Start: frappe.integrations.doctype.razorpay_settings.razorpay_settings.capture_payment for dcode.com
2022-09-05 17:16:28,905 INFO scheduler Scheduled Job Complete: frappe.integrations.doctype.razorpay_settings.razorpay_settings.capture_payment for dcode.com
2022-09-05 17:16:28,997 INFO scheduler Scheduled Job Start: frappe.email.doctype.email_account.email_account.notify_unreplied for dcode.com
2022-09-05 17:16:29,276 INFO scheduler Scheduled Job Complete: frappe.email.doctype.email_account.email_account.notify_unreplied for dcode.com
2022-09-05 17:16:29,363 INFO scheduler Scheduled Job Start: frappe.email.doctype.email_account.email_account.pull for dcode.com
2022-09-05 17:16:29,657 INFO scheduler Scheduled Job Complete: frappe.email.doctype.email_account.email_account.pull for dcode.com
2022-09-05 17:16:29,743 INFO scheduler Scheduled Job Start: frappe.email.queue.flush for dcode.com
2022-09-05 17:16:30,083 INFO scheduler Scheduled Job Complete: frappe.email.queue.flush for dcode.com
2022-09-05 17:17:28,180 DEBUG scheduler Queued events for site dcode.com
2022-09-05 17:18:28,335 DEBUG scheduler Queued events for site dcode.com
2022-09-05 17:19:28,497 DEBUG scheduler Queued events for site dcode.com
2022-09-05 17:20:28,695 DEBUG scheduler Queued events for site dcode.com
2022-09-05 17:20:28,744 INFO scheduler Scheduled Job Start: frappe.monitor.flush for dcode.com
2022-09-05 17:20:28,979 INFO scheduler Scheduled Job Complete: frappe.monitor.flush for dcode.com
2022-09-05 17:20:29,058 INFO scheduler Scheduled Job Start: frappe.utils.global_search.sync_global_search for dcode.com
2022-09-05 17:20:29,246 INFO scheduler Scheduled Job Complete: frappe.utils.global_search.sync_global_search for dcode.com
2022-09-05 17:20:29,334 INFO scheduler Scheduled Job Start: frappe.integrations.doctype.razorpay_settings.razorpay_settings.capture_payment for dcode.com
2022-09-05 17:20:29,603 INFO scheduler Scheduled Job Complete: frappe.integrations.doctype.razorpay_settings.razorpay_settings.capture_payment for dcode.com
2022-09-05 17:20:29,692 INFO scheduler Scheduled Job Start: frappe.email.doctype.email_account.email_account.notify_unreplied for dcode.com
2022-09-05 17:20:29,972 INFO scheduler Scheduled Job Complete: frappe.email.doctype.email_account.email_account.notify_unreplied for dcode.com
2022-09-05 17:20:30,065 INFO scheduler Scheduled Job Start: frappe.email.doctype.email_account.email_account.pull for dcode.com
2022-09-05 17:20:30,536 INFO scheduler Scheduled Job Complete: frappe.email.doctype.email_account.email_account.pull for dcode.com
2022-09-05 17:20:30,649 INFO scheduler Scheduled Job Start: frappe.email.queue.flush for dcode.com
2022-09-05 17:20:30,957 INFO scheduler Scheduled Job Complete: frappe.email.queue.flush for dcode.com
2022-09-05 17:21:28,868 DEBUG scheduler Queued events for site dcode.com
2022-09-05 17:22:29,030 DEBUG scheduler Queued events for site dcode.com
2022-09-05 17:23:29,182 DEBUG scheduler Queued events for site dcode.com
2022-09-05 17:24:29,368 DEBUG scheduler Queued events for site dcode.com
2022-09-05 17:24:29,399 INFO scheduler Scheduled Job Start: frappe.monitor.flush for dcode.com
2022-09-05 17:24:29,611 INFO scheduler Scheduled Job Complete: frappe.monitor.flush for dcode.com
2022-09-05 17:24:29,685 INFO scheduler Scheduled Job Start: frappe.utils.global_search.sync_global_search for dcode.com
2022-09-05 17:24:29,880 INFO scheduler Scheduled Job Complete: frappe.utils.global_search.sync_global_search for dcode.com
2022-09-05 17:24:29,958 INFO scheduler Scheduled Job Start: frappe.integrations.doctype.razorpay_settings.razorpay_settings.capture_payment for dcode.com
2022-09-05 17:24:30,193 INFO scheduler Scheduled Job Complete: frappe.integrations.doctype.razorpay_settings.razorpay_settings.capture_payment for dcode.com
2022-09-05 17:24:30,272 INFO scheduler Scheduled Job Start: frappe.email.doctype.email_account.email_account.notify_unreplied for dcode.com
2022-09-05 17:24:30,526 INFO scheduler Scheduled Job Complete: frappe.email.doctype.email_account.email_account.notify_unreplied for dcode.com
2022-09-05 17:24:30,610 INFO scheduler Scheduled Job Start: frappe.email.doctype.email_account.email_account.pull for dcode.com
2022-09-05 17:24:30,864 INFO scheduler Scheduled Job Complete: frappe.email.doctype.email_account.email_account.pull for dcode.com
2022-09-05 17:24:30,943 INFO scheduler Scheduled Job Start: frappe.email.queue.flush for dcode.com
2022-09-05 17:24:31,144 INFO scheduler Scheduled Job Complete: frappe.email.queue.flush for dcode.com
2022-09-05 17:25:29,541 DEBUG scheduler Queued events for site dcode.com
2022-09-05 17:26:29,678 DEBUG scheduler Queued events for site dcode.com
2022-09-05 17:27:29,833 DEBUG scheduler Queued events for site dcode.com
2022-09-05 17:28:30,021 DEBUG scheduler Queued events for site dcode.com
2022-09-05 17:28:30,053 INFO scheduler Scheduled Job Start: frappe.monitor.flush for dcode.com
2022-09-05 17:28:30,261 INFO scheduler Scheduled Job Complete: frappe.monitor.flush for dcode.com
2022-09-05 17:28:30,334 INFO scheduler Scheduled Job Start: frappe.utils.global_search.sync_global_search for dcode.com
2022-09-05 17:28:30,527 INFO scheduler Scheduled Job Complete: frappe.utils.global_search.sync_global_search for dcode.com
2022-09-05 17:28:30,600 INFO scheduler Scheduled Job Start: frappe.integrations.doctype.razorpay_settings.razorpay_settings.capture_payment for dcode.com
2022-09-05 17:28:30,822 INFO scheduler Scheduled Job Complete: frappe.integrations.doctype.razorpay_settings.razorpay_settings.capture_payment for dcode.com
2022-09-05 17:28:30,906 INFO scheduler Scheduled Job Start: frappe.email.doctype.email_account.email_account.notify_unreplied for dcode.com
2022-09-05 17:28:31,168 INFO scheduler Scheduled Job Complete: frappe.email.doctype.email_account.email_account.notify_unreplied for dcode.com
2022-09-05 17:28:31,255 INFO scheduler Scheduled Job Start: frappe.email.doctype.email_account.email_account.pull for dcode.com
2022-09-05 17:28:31,507 INFO scheduler Scheduled Job Complete: frappe.email.doctype.email_account.email_account.pull for dcode.com
2022-09-05 17:28:31,584 INFO scheduler Scheduled Job Start: frappe.email.queue.flush for dcode.com
2022-09-05 17:28:31,797 INFO scheduler Scheduled Job Complete: frappe.email.queue.flush for dcode.com
2022-09-05 17:29:30,193 DEBUG scheduler Queued events for site dcode.com
2022-09-05 17:30:30,361 DEBUG scheduler Queued events for site dcode.com
2022-09-05 17:30:30,415 INFO scheduler Scheduled Job Start: frappe.twofactor.delete_all_barcodes_for_users for dcode.com
2022-09-05 17:30:30,707 INFO scheduler Scheduled Job Complete: frappe.twofactor.delete_all_barcodes_for_users for dcode.com
2022-09-05 17:30:30,820 INFO scheduler Scheduled Job Start: frappe.website.doctype.web_page.web_page.check_publish_status for dcode.com
2022-09-05 17:30:31,182 INFO scheduler Scheduled Job Complete: frappe.website.doctype.web_page.web_page.check_publish_status for dcode.com
2022-09-05 17:30:31,309 INFO scheduler Scheduled Job Start: frappe.oauth.delete_oauth2_data for dcode.com
2022-09-05 17:30:31,597 INFO scheduler Scheduled Job Complete: frappe.oauth.delete_oauth2_data for dcode.com
2022-09-05 17:31:30,529 DEBUG scheduler Queued events for site dcode.com
2022-09-05 17:32:30,725 DEBUG scheduler Queued events for site dcode.com
2022-09-05 17:32:30,759 INFO scheduler Scheduled Job Start: frappe.monitor.flush for dcode.com
2022-09-05 17:32:30,980 INFO scheduler Scheduled Job Complete: frappe.monitor.flush for dcode.com
2022-09-05 17:32:31,069 INFO scheduler Scheduled Job Start: frappe.utils.global_search.sync_global_search for dcode.com
2022-09-05 17:32:31,272 INFO scheduler Scheduled Job Complete: frappe.utils.global_search.sync_global_search for dcode.com
2022-09-05 17:32:31,351 INFO scheduler Scheduled Job Start: frappe.integrations.doctype.razorpay_settings.razorpay_settings.capture_payment for dcode.com
2022-09-05 17:32:31,571 INFO scheduler Scheduled Job Complete: frappe.integrations.doctype.razorpay_settings.razorpay_settings.capture_payment for dcode.com
2022-09-05 17:32:31,654 INFO scheduler Scheduled Job Start: frappe.email.doctype.email_account.email_account.notify_unreplied for dcode.com
2022-09-05 17:32:31,891 INFO scheduler Scheduled Job Complete: frappe.email.doctype.email_account.email_account.notify_unreplied for dcode.com
2022-09-05 17:32:31,973 INFO scheduler Scheduled Job Start: frappe.email.doctype.email_account.email_account.pull for dcode.com
2022-09-05 17:32:32,220 INFO scheduler Scheduled Job Complete: frappe.email.doctype.email_account.email_account.pull for dcode.com
2022-09-05 17:32:32,296 INFO scheduler Scheduled Job Start: frappe.email.queue.flush for dcode.com
2022-09-05 17:32:32,517 INFO scheduler Scheduled Job Complete: frappe.email.queue.flush for dcode.com
2022-09-05 17:33:30,902 DEBUG scheduler Queued events for site dcode.com
2022-09-05 17:34:31,056 DEBUG scheduler Queued events for site dcode.com
2022-09-05 17:35:31,210 DEBUG scheduler Queued events for site dcode.com
2022-09-05 17:36:31,412 DEBUG scheduler Queued events for site dcode.com
2022-09-05 17:36:31,442 INFO scheduler Scheduled Job Start: frappe.monitor.flush for dcode.com
2022-09-05 17:36:31,646 INFO scheduler Scheduled Job Complete: frappe.monitor.flush for dcode.com
2022-09-05 17:36:31,720 INFO scheduler Scheduled Job Start: frappe.utils.global_search.sync_global_search for dcode.com
2022-09-05 17:36:31,975 INFO scheduler Scheduled Job Complete: frappe.utils.global_search.sync_global_search for dcode.com
2022-09-05 17:36:32,056 INFO scheduler Scheduled Job Start: frappe.integrations.doctype.razorpay_settings.razorpay_settings.capture_payment for dcode.com
2022-09-05 17:36:32,279 INFO scheduler Scheduled Job Complete: frappe.integrations.doctype.razorpay_settings.razorpay_settings.capture_payment for dcode.com
2022-09-05 17:36:32,361 INFO scheduler Scheduled Job Start: frappe.email.doctype.email_account.email_account.notify_unreplied for dcode.com
2022-09-05 17:36:32,606 INFO scheduler Scheduled Job Complete: frappe.email.doctype.email_account.email_account.notify_unreplied for dcode.com
2022-09-05 17:36:32,696 INFO scheduler Scheduled Job Start: frappe.email.doctype.email_account.email_account.pull for dcode.com
2022-09-05 17:36:32,949 INFO scheduler Scheduled Job Complete: frappe.email.doctype.email_account.email_account.pull for dcode.com
2022-09-05 17:36:33,028 INFO scheduler Scheduled Job Start: frappe.email.queue.flush for dcode.com
2022-09-05 17:36:33,240 INFO scheduler Scheduled Job Complete: frappe.email.queue.flush for dcode.com
2022-09-05 17:37:31,584 DEBUG scheduler Queued events for site dcode.com
2022-09-05 17:38:31,749 DEBUG scheduler Queued events for site dcode.com
2022-09-05 17:39:31,900 DEBUG scheduler Queued events for site dcode.com
2022-09-05 17:40:32,083 DEBUG scheduler Queued events for site dcode.com
2022-09-05 17:40:32,133 INFO scheduler Scheduled Job Start: frappe.monitor.flush for dcode.com
2022-09-05 17:40:32,482 INFO scheduler Scheduled Job Complete: frappe.monitor.flush for dcode.com
2022-09-05 17:40:32,577 INFO scheduler Scheduled Job Start: frappe.utils.global_search.sync_global_search for dcode.com
2022-09-05 17:40:32,890 INFO scheduler Scheduled Job Complete: frappe.utils.global_search.sync_global_search for dcode.com
2022-09-05 17:40:32,971 INFO scheduler Scheduled Job Start: frappe.integrations.doctype.razorpay_settings.razorpay_settings.capture_payment for dcode.com
2022-09-05 17:40:33,218 INFO scheduler Scheduled Job Complete: frappe.integrations.doctype.razorpay_settings.razorpay_settings.capture_payment for dcode.com
2022-09-05 17:40:33,312 INFO scheduler Scheduled Job Start: frappe.email.doctype.email_account.email_account.notify_unreplied for dcode.com
2022-09-05 17:40:33,631 INFO scheduler Scheduled Job Complete: frappe.email.doctype.email_account.email_account.notify_unreplied for dcode.com
2022-09-05 17:40:33,711 INFO scheduler Scheduled Job Start: frappe.email.doctype.email_account.email_account.pull for dcode.com
2022-09-05 17:40:33,984 INFO scheduler Scheduled Job Complete: frappe.email.doctype.email_account.email_account.pull for dcode.com
2022-09-05 17:40:34,071 INFO scheduler Scheduled Job Start: frappe.email.queue.flush for dcode.com
2022-09-05 17:40:34,353 INFO scheduler Scheduled Job Complete: frappe.email.queue.flush for dcode.com
2022-09-05 17:41:32,290 DEBUG scheduler Queued events for site dcode.com
2022-09-05 17:42:32,435 DEBUG scheduler Queued events for site dcode.com
2022-09-05 17:43:32,605 DEBUG scheduler Queued events for site dcode.com
2022-09-05 17:44:32,796 DEBUG scheduler Queued events for site dcode.com
2022-09-05 17:44:32,863 INFO scheduler Scheduled Job Start: frappe.monitor.flush for dcode.com
2022-09-05 17:44:33,064 INFO scheduler Scheduled Job Complete: frappe.monitor.flush for dcode.com
2022-09-05 17:44:33,141 INFO scheduler Scheduled Job Start: frappe.utils.global_search.sync_global_search for dcode.com
2022-09-05 17:44:33,405 INFO scheduler Scheduled Job Complete: frappe.utils.global_search.sync_global_search for dcode.com
2022-09-05 17:44:33,482 INFO scheduler Scheduled Job Start: frappe.integrations.doctype.razorpay_settings.razorpay_settings.capture_payment for dcode.com
2022-09-05 17:44:33,749 INFO scheduler Scheduled Job Complete: frappe.integrations.doctype.razorpay_settings.razorpay_settings.capture_payment for dcode.com
2022-09-05 17:44:33,827 INFO scheduler Scheduled Job Start: frappe.email.doctype.email_account.email_account.notify_unreplied for dcode.com
2022-09-05 17:44:34,068 INFO scheduler Scheduled Job Complete: frappe.email.doctype.email_account.email_account.notify_unreplied for dcode.com
2022-09-05 17:44:34,154 INFO scheduler Scheduled Job Start: frappe.email.doctype.email_account.email_account.pull for dcode.com
2022-09-05 17:44:34,416 INFO scheduler Scheduled Job Complete: frappe.email.doctype.email_account.email_account.pull for dcode.com
2022-09-05 17:44:34,506 INFO scheduler Scheduled Job Start: frappe.email.queue.flush for dcode.com
2022-09-05 17:44:34,732 INFO scheduler Scheduled Job Complete: frappe.email.queue.flush for dcode.com
2022-09-05 17:45:32,960 DEBUG scheduler Queued events for site dcode.com
2022-09-05 17:45:33,034 INFO scheduler Scheduled Job Start: frappe.twofactor.delete_all_barcodes_for_users for dcode.com
2022-09-05 17:45:33,353 INFO scheduler Scheduled Job Complete: frappe.twofactor.delete_all_barcodes_for_users for dcode.com
2022-09-05 17:45:33,468 INFO scheduler Scheduled Job Start: frappe.website.doctype.web_page.web_page.check_publish_status for dcode.com
2022-09-05 17:45:33,859 INFO scheduler Scheduled Job Complete: frappe.website.doctype.web_page.web_page.check_publish_status for dcode.com
2022-09-05 17:45:33,968 INFO scheduler Scheduled Job Start: frappe.oauth.delete_oauth2_data for dcode.com
2022-09-05 17:45:34,249 INFO scheduler Scheduled Job Complete: frappe.oauth.delete_oauth2_data for dcode.com
2022-09-05 17:46:33,139 DEBUG scheduler Queued events for site dcode.com
2022-09-05 17:47:33,289 DEBUG scheduler Queued events for site dcode.com
2022-09-05 17:48:33,499 DEBUG scheduler Queued events for site dcode.com
2022-09-05 17:48:33,533 INFO scheduler Scheduled Job Start: frappe.monitor.flush for dcode.com
2022-09-05 17:48:33,738 INFO scheduler Scheduled Job Complete: frappe.monitor.flush for dcode.com
2022-09-05 17:48:33,815 INFO scheduler Scheduled Job Start: frappe.utils.global_search.sync_global_search for dcode.com
2022-09-05 17:48:34,021 INFO scheduler Scheduled Job Complete: frappe.utils.global_search.sync_global_search for dcode.com
2022-09-05 17:48:34,100 INFO scheduler Scheduled Job Start: frappe.integrations.doctype.razorpay_settings.razorpay_settings.capture_payment for dcode.com
2022-09-05 17:48:34,325 INFO scheduler Scheduled Job Complete: frappe.integrations.doctype.razorpay_settings.razorpay_settings.capture_payment for dcode.com
2022-09-05 17:48:34,408 INFO scheduler Scheduled Job Start: frappe.email.doctype.email_account.email_account.notify_unreplied for dcode.com
2022-09-05 17:48:34,657 INFO scheduler Scheduled Job Complete: frappe.email.doctype.email_account.email_account.notify_unreplied for dcode.com
2022-09-05 17:48:34,743 INFO scheduler Scheduled Job Start: frappe.email.doctype.email_account.email_account.pull for dcode.com
2022-09-05 17:48:34,991 INFO scheduler Scheduled Job Complete: frappe.email.doctype.email_account.email_account.pull for dcode.com
2022-09-05 17:48:35,070 INFO scheduler Scheduled Job Start: frappe.email.queue.flush for dcode.com
2022-09-05 17:48:35,286 INFO scheduler Scheduled Job Complete: frappe.email.queue.flush for dcode.com
2022-09-05 17:49:33,673 DEBUG scheduler Queued events for site dcode.com
2022-09-05 17:50:33,826 DEBUG scheduler Queued events for site dcode.com
2022-09-05 17:51:33,982 DEBUG scheduler Queued events for site dcode.com
2022-09-05 17:52:34,157 DEBUG scheduler Queued events for site dcode.com
2022-09-05 17:52:34,203 INFO scheduler Scheduled Job Start: frappe.monitor.flush for dcode.com
2022-09-05 17:52:34,409 INFO scheduler Scheduled Job Complete: frappe.monitor.flush for dcode.com
2022-09-05 17:52:34,495 INFO scheduler Scheduled Job Start: frappe.utils.global_search.sync_global_search for dcode.com
2022-09-05 17:52:34,761 INFO scheduler Scheduled Job Complete: frappe.utils.global_search.sync_global_search for dcode.com
2022-09-05 17:52:34,844 INFO scheduler Scheduled Job Start: frappe.integrations.doctype.razorpay_settings.razorpay_settings.capture_payment for dcode.com
2022-09-05 17:52:35,070 INFO scheduler Scheduled Job Complete: frappe.integrations.doctype.razorpay_settings.razorpay_settings.capture_payment for dcode.com
2022-09-05 17:52:35,147 INFO scheduler Scheduled Job Start: frappe.email.doctype.email_account.email_account.notify_unreplied for dcode.com
2022-09-05 17:52:35,397 INFO scheduler Scheduled Job Complete: frappe.email.doctype.email_account.email_account.notify_unreplied for dcode.com
2022-09-05 17:52:35,479 INFO scheduler Scheduled Job Start: frappe.email.doctype.email_account.email_account.pull for dcode.com
2022-09-05 17:52:35,741 INFO scheduler Scheduled Job Complete: frappe.email.doctype.email_account.email_account.pull for dcode.com
2022-09-05 17:52:35,832 INFO scheduler Scheduled Job Start: frappe.email.queue.flush for dcode.com
2022-09-05 17:52:36,035 INFO scheduler Scheduled Job Complete: frappe.email.queue.flush for dcode.com
2022-09-05 17:53:34,365 DEBUG scheduler Queued events for site dcode.com
2022-09-05 17:54:34,600 DEBUG scheduler Queued events for site dcode.com
2022-09-05 17:55:34,783 DEBUG scheduler Queued events for site dcode.com
2022-09-05 17:56:34,997 DEBUG scheduler Queued events for site dcode.com
2022-09-05 17:56:36,783 INFO scheduler Scheduled Job Start: frappe.monitor.flush for dcode.com
2022-09-05 17:56:38,576 INFO scheduler Scheduled Job Complete: frappe.monitor.flush for dcode.com
2022-09-05 17:56:38,707 INFO scheduler Scheduled Job Start: frappe.utils.global_search.sync_global_search for dcode.com
2022-09-05 17:56:38,951 INFO scheduler Scheduled Job Complete: frappe.utils.global_search.sync_global_search for dcode.com
2022-09-05 17:56:39,032 INFO scheduler Scheduled Job Start: frappe.integrations.doctype.razorpay_settings.razorpay_settings.capture_payment for dcode.com
2022-09-05 17:56:39,357 INFO scheduler Scheduled Job Complete: frappe.integrations.doctype.razorpay_settings.razorpay_settings.capture_payment for dcode.com
2022-09-05 17:56:39,439 INFO scheduler Scheduled Job Start: frappe.email.doctype.email_account.email_account.notify_unreplied for dcode.com
2022-09-05 17:56:40,339 INFO scheduler Scheduled Job Complete: frappe.email.doctype.email_account.email_account.notify_unreplied for dcode.com
2022-09-05 17:56:40,425 INFO scheduler Scheduled Job Start: frappe.email.doctype.email_account.email_account.pull for dcode.com
2022-09-05 17:56:40,779 INFO scheduler Scheduled Job Complete: frappe.email.doctype.email_account.email_account.pull for dcode.com
2022-09-05 17:56:40,860 INFO scheduler Scheduled Job Start: frappe.email.queue.flush for dcode.com
2022-09-05 17:56:41,158 INFO scheduler Scheduled Job Complete: frappe.email.queue.flush for dcode.com
2022-09-05 17:57:35,240 DEBUG scheduler Queued events for site dcode.com
2022-09-05 17:58:35,402 DEBUG scheduler Queued events for site dcode.com
2022-09-05 17:59:35,568 DEBUG scheduler Queued events for site dcode.com
2022-09-05 18:00:36,002 INFO scheduler Scheduled Job Start: frappe.email.doctype.newsletter.newsletter.send_scheduled_email for dcode.com
2022-09-05 18:00:36,068 DEBUG scheduler Queued events for site dcode.com
2022-09-05 18:00:37,171 INFO scheduler Scheduled Job Complete: frappe.email.doctype.newsletter.newsletter.send_scheduled_email for dcode.com
2022-09-05 18:00:37,425 INFO scheduler Scheduled Job Start: frappe.integrations.doctype.google_calendar.google_calendar.sync for dcode.com
2022-09-05 18:00:38,602 INFO scheduler Scheduled Job Complete: frappe.integrations.doctype.google_calendar.google_calendar.sync for dcode.com
2022-09-05 18:00:38,736 INFO scheduler Scheduled Job Start: frappe.desk.form.document_follow.send_hourly_updates for dcode.com
2022-09-05 18:00:39,036 INFO scheduler Scheduled Job Complete: frappe.desk.form.document_follow.send_hourly_updates for dcode.com
2022-09-05 18:00:39,152 INFO scheduler Scheduled Job Start: frappe.deferred_insert.save_to_db for dcode.com
2022-09-05 18:00:39,473 INFO scheduler Scheduled Job Complete: frappe.deferred_insert.save_to_db for dcode.com
2022-09-05 18:00:39,600 INFO scheduler Scheduled Job Start: frappe.desk.page.backups.backups.delete_downloadable_backups for dcode.com
2022-09-05 18:00:39,959 INFO scheduler Scheduled Job Complete: frappe.desk.page.backups.backups.delete_downloadable_backups for dcode.com
2022-09-05 18:00:40,161 INFO scheduler Scheduled Job Start: frappe.utils.error.collect_error_snapshots for dcode.com
2022-09-05 18:00:40,832 INFO scheduler Scheduled Job Complete: frappe.utils.error.collect_error_snapshots for dcode.com
2022-09-05 18:00:40,963 INFO scheduler Scheduled Job Start: frappe.model.utils.user_settings.sync_user_settings for dcode.com
2022-09-05 18:00:41,355 INFO scheduler Scheduled Job Complete: frappe.model.utils.user_settings.sync_user_settings for dcode.com
2022-09-05 18:00:41,504 INFO scheduler Scheduled Job Start: frappe.model.utils.link_count.update_link_count for dcode.com
2022-09-05 18:00:41,816 INFO scheduler Scheduled Job Complete: frappe.model.utils.link_count.update_link_count for dcode.com
2022-09-05 18:00:41,932 INFO scheduler Scheduled Job Start: frappe.monitor.flush for dcode.com
2022-09-05 18:00:42,141 INFO scheduler Scheduled Job Complete: frappe.monitor.flush for dcode.com
2022-09-05 18:00:42,220 INFO scheduler Scheduled Job Start: frappe.utils.global_search.sync_global_search for dcode.com
2022-09-05 18:00:42,425 INFO scheduler Scheduled Job Complete: frappe.utils.global_search.sync_global_search for dcode.com
2022-09-05 18:00:42,503 INFO scheduler Scheduled Job Start: frappe.integrations.doctype.razorpay_settings.razorpay_settings.capture_payment for dcode.com
2022-09-05 18:00:42,739 INFO scheduler Scheduled Job Complete: frappe.integrations.doctype.razorpay_settings.razorpay_settings.capture_payment for dcode.com
2022-09-05 18:00:42,829 INFO scheduler Scheduled Job Start: frappe.email.doctype.email_account.email_account.notify_unreplied for dcode.com
2022-09-05 18:00:43,111 INFO scheduler Scheduled Job Complete: frappe.email.doctype.email_account.email_account.notify_unreplied for dcode.com
2022-09-05 18:00:43,190 INFO scheduler Scheduled Job Start: frappe.email.doctype.email_account.email_account.pull for dcode.com
2022-09-05 18:00:43,493 INFO scheduler Scheduled Job Complete: frappe.email.doctype.email_account.email_account.pull for dcode.com
2022-09-05 18:00:43,579 INFO scheduler Scheduled Job Start: frappe.email.queue.flush for dcode.com
2022-09-05 18:00:43,790 INFO scheduler Scheduled Job Complete: frappe.email.queue.flush for dcode.com
2022-09-05 18:00:43,872 INFO scheduler Scheduled Job Start: frappe.twofactor.delete_all_barcodes_for_users for dcode.com
2022-09-05 18:00:44,226 INFO scheduler Scheduled Job Complete: frappe.twofactor.delete_all_barcodes_for_users for dcode.com
2022-09-05 18:00:44,338 INFO scheduler Scheduled Job Start: frappe.website.doctype.web_page.web_page.check_publish_status for dcode.com
2022-09-05 18:00:44,915 INFO scheduler Scheduled Job Complete: frappe.website.doctype.web_page.web_page.check_publish_status for dcode.com
2022-09-05 18:00:45,039 INFO scheduler Scheduled Job Start: frappe.oauth.delete_oauth2_data for dcode.com
2022-09-05 18:00:45,448 INFO scheduler Scheduled Job Complete: frappe.oauth.delete_oauth2_data for dcode.com
2022-09-05 18:01:36,261 DEBUG scheduler Queued events for site dcode.com
2022-09-05 18:02:36,432 DEBUG scheduler Queued events for site dcode.com
2022-09-05 18:03:36,582 DEBUG scheduler Queued events for site dcode.com
2022-09-05 18:04:36,778 DEBUG scheduler Queued events for site dcode.com
2022-09-05 18:04:37,107 INFO scheduler Scheduled Job Start: frappe.monitor.flush for dcode.com
2022-09-05 18:04:37,558 INFO scheduler Scheduled Job Complete: frappe.monitor.flush for dcode.com
2022-09-05 18:04:37,696 INFO scheduler Scheduled Job Start: frappe.utils.global_search.sync_global_search for dcode.com
2022-09-05 18:04:37,935 INFO scheduler Scheduled Job Complete: frappe.utils.global_search.sync_global_search for dcode.com
2022-09-05 18:04:38,040 INFO scheduler Scheduled Job Start: frappe.integrations.doctype.razorpay_settings.razorpay_settings.capture_payment for dcode.com
2022-09-05 18:04:38,366 INFO scheduler Scheduled Job Complete: frappe.integrations.doctype.razorpay_settings.razorpay_settings.capture_payment for dcode.com
2022-09-05 18:04:38,471 INFO scheduler Scheduled Job Start: frappe.email.doctype.email_account.email_account.notify_unreplied for dcode.com
2022-09-05 18:04:38,740 INFO scheduler Scheduled Job Complete: frappe.email.doctype.email_account.email_account.notify_unreplied for dcode.com
2022-09-05 18:04:38,827 INFO scheduler Scheduled Job Start: frappe.email.doctype.email_account.email_account.pull for dcode.com
2022-09-05 18:04:39,142 INFO scheduler Scheduled Job Complete: frappe.email.doctype.email_account.email_account.pull for dcode.com
2022-09-05 18:04:39,247 INFO scheduler Scheduled Job Start: frappe.email.queue.flush for dcode.com
2022-09-05 18:04:39,645 INFO scheduler Scheduled Job Complete: frappe.email.queue.flush for dcode.com
